<?xml version="1.0" encoding="UTF-8" ?>
<testsuite failures="0" time="0.011" errors="0" skipped="0" tests="1" name="com.breakfast.tomorrow.core.AppTest">
  <properties>
    <property name="java.runtime.name" value="Java(TM) SE Runtime Environment"/>
    <property name="sun.boot.library.path" value="/System/Library/Java/JavaVirtualMachines/1.6.0.jdk/Contents/Libraries"/>
    <property name="java.vm.version" value="20.6-b01-415"/>
    <property name="awt.nativeDoubleBuffering" value="true"/>
    <property name="gopherProxySet" value="false"/>
    <property name="mrj.build" value="10M3646"/>
    <property name="java.vm.vendor" value="Apple Inc."/>
    <property name="java.vendor.url" value="http://www.apple.com/"/>
    <property name="path.separator" value=":"/>
    <property name="java.vm.name" value="Java HotSpot(TM) 64-Bit Server VM"/>
    <property name="file.encoding.pkg" value="sun.io"/>
    <property name="user.country" value="BR"/>
    <property name="sun.java.launcher" value="SUN_STANDARD"/>
    <property name="sun.os.patch.level" value="unknown"/>
    <property name="java.vm.specification.name" value="Java Virtual Machine Specification"/>
    <property name="user.dir" value="/breakfast/dev/workspace/tomorrow_core"/>
    <property name="java.runtime.version" value="1.6.0_31-b04-415-10M3646"/>
    <property name="java.awt.graphicsenv" value="apple.awt.CGraphicsEnvironment"/>
    <property name="basedir" value="/breakfast/dev/workspace/tomorrow_core"/>
    <property name="java.endorsed.dirs" value="/System/Library/Java/JavaVirtualMachines/1.6.0.jdk/Contents/Home/lib/endorsed"/>
    <property name="os.arch" value="x86_64"/>
    <property name="surefire.real.class.path" value="/breakfast/dev/workspace/tomorrow_core/target/surefire/surefirebooter2764135284691541273.jar"/>
    <property name="java.io.tmpdir" value="/var/folders/Lq/LqUNU-fRG5WC1ndalLofTU+++TI/-Tmp-/"/>
    <property name="line.separator" value="
"/>
    <property name="java.vm.specification.vendor" value="Sun Microsystems Inc."/>
    <property name="https.proxyHost" value="10.0.0.1"/>
    <property name="os.name" value="Mac OS X"/>
    <property name="sun.jnu.encoding" value="MacRoman"/>
    <property name="java.library.path" value=".:/Library/Java/Extensions:/System/Library/Java/Extensions:/usr/lib/java"/>
    <property name="http.proxyPort" value="8080"/>
    <property name="surefire.test.class.path" value="/breakfast/dev/workspace/tomorrow_core/target/test-classes:/breakfast/dev/workspace/tomorrow_core/target/classes:/Users/administrador/.m2/repository/junit/junit/3.8.1/junit-3.8.1.jar:/Users/administrador/.m2/repository/org/neo4j/neo4j-kernel/1.6.1/neo4j-kernel-1.6.1.jar:/Users/administrador/.m2/repository/org/apache/geronimo/specs/geronimo-jta_1.1_spec/1.1.1/geronimo-jta_1.1_spec-1.1.1.jar:/Users/administrador/.m2/repository/org/neo4j/neo4j-lucene-index/1.6.1/neo4j-lucene-index-1.6.1.jar:/Users/administrador/.m2/repository/org/apache/lucene/lucene-core/3.5.0/lucene-core-3.5.0.jar:/Users/administrador/.m2/repository/log4j/log4j/1.2.12/log4j-1.2.12.jar:"/>
    <property name="java.specification.name" value="Java Platform API Specification"/>
    <property name="java.class.version" value="50.0"/>
    <property name="sun.management.compiler" value="HotSpot 64-Bit Tiered Compilers"/>
    <property name="os.version" value="10.6.8"/>
    <property name="http.nonProxyHosts" value="local|*.local|169.254/16|*.169.254/16|localhost|*.localhost|127.0.0.1"/>
    <property name="user.home" value="/Users/administrador"/>
    <property name="user.timezone" value=""/>
    <property name="java.awt.printerjob" value="apple.awt.CPrinterJob"/>
    <property name="java.specification.version" value="1.6"/>
    <property name="file.encoding" value="MacRoman"/>
    <property name="user.name" value="administrador"/>
    <property name="java.class.path" value="/breakfast/dev/workspace/tomorrow_core/target/test-classes:/breakfast/dev/workspace/tomorrow_core/target/classes:/Users/administrador/.m2/repository/junit/junit/3.8.1/junit-3.8.1.jar:/Users/administrador/.m2/repository/org/neo4j/neo4j-kernel/1.6.1/neo4j-kernel-1.6.1.jar:/Users/administrador/.m2/repository/org/apache/geronimo/specs/geronimo-jta_1.1_spec/1.1.1/geronimo-jta_1.1_spec-1.1.1.jar:/Users/administrador/.m2/repository/org/neo4j/neo4j-lucene-index/1.6.1/neo4j-lucene-index-1.6.1.jar:/Users/administrador/.m2/repository/org/apache/lucene/lucene-core/3.5.0/lucene-core-3.5.0.jar:/Users/administrador/.m2/repository/log4j/log4j/1.2.12/log4j-1.2.12.jar:"/>
    <property name="java.vm.specification.version" value="1.0"/>
    <property name="sun.arch.data.model" value="64"/>
    <property name="java.home" value="/System/Library/Java/JavaVirtualMachines/1.6.0.jdk/Contents/Home"/>
    <property name="sun.java.command" value="/breakfast/dev/workspace/tomorrow_core/target/surefire/surefirebooter2764135284691541273.jar /breakfast/dev/workspace/tomorrow_core/target/surefire/surefire357571520947026623tmp /breakfast/dev/workspace/tomorrow_core/target/surefire/surefire3046537809790283983tmp"/>
    <property name="java.specification.vendor" value="Sun Microsystems Inc."/>
    <property name="user.language" value="pt"/>
    <property name="awt.toolkit" value="apple.awt.CToolkit"/>
    <property name="java.vm.info" value="mixed mode"/>
    <property name="java.version" value="1.6.0_31"/>
    <property name="java.ext.dirs" value="/Library/Java/Extensions:/System/Library/Java/Extensions:/System/Library/Java/JavaVirtualMachines/1.6.0.jdk/Contents/Home/lib/ext"/>
    <property name="http.proxyHost" value="10.0.0.1"/>
    <property name="sun.boot.class.path" value="/System/Library/Java/JavaVirtualMachines/1.6.0.jdk/Contents/Classes/jsfd.jar:/System/Library/Java/JavaVirtualMachines/1.6.0.jdk/Contents/Classes/classes.jar:/System/Library/Frameworks/JavaVM.framework/Frameworks/JavaRuntimeSupport.framework/Resources/Java/JavaRuntimeSupport.jar:/System/Library/Java/JavaVirtualMachines/1.6.0.jdk/Contents/Classes/ui.jar:/System/Library/Java/JavaVirtualMachines/1.6.0.jdk/Contents/Classes/laf.jar:/System/Library/Java/JavaVirtualMachines/1.6.0.jdk/Contents/Classes/sunrsasign.jar:/System/Library/Java/JavaVirtualMachines/1.6.0.jdk/Contents/Classes/jsse.jar:/System/Library/Java/JavaVirtualMachines/1.6.0.jdk/Contents/Classes/jce.jar:/System/Library/Java/JavaVirtualMachines/1.6.0.jdk/Contents/Classes/charsets.jar"/>
    <property name="java.vendor" value="Apple Inc."/>
    <property name="localRepository" value="/Users/administrador/.m2/repository"/>
    <property name="file.separator" value="/"/>
    <property name="java.vendor.url.bug" value="http://bugreport.apple.com/"/>
    <property name="sun.cpu.endian" value="little"/>
    <property name="sun.io.unicode.encoding" value="UnicodeLittle"/>
    <property name="mrj.version" value="1060.1.6.0_31-415"/>
    <property name="https.proxyPort" value="8080"/>
    <property name="socksNonProxyHosts" value="local|*.local|169.254/16|*.169.254/16|localhost|*.localhost|127.0.0.1"/>
    <property name="ftp.nonProxyHosts" value="local|*.local|169.254/16|*.169.254/16|localhost|*.localhost|127.0.0.1"/>
    <property name="sun.cpu.isalist" value=""/>
  </properties>
  <testcase time="0.002" classname="com.breakfast.tomorrow.core.AppTest" name="testApp"/>
</testsuite>